
=== Iniciando WSGI - N/A ===
Project dir: C:\Users\Andreu\source\Python\GIS
Python path: C:\Users\Andreu\AppData\Local\Microsoft\WindowsApps\PythonSoftwareFoundation.Python.3.11_qbz5n2kfra8p0\python.exe
Python version: 3.11.9 (tags/v3.11.9:de54cf5, Apr  2 2024, 10:12:12) [MSC v.1938 64 bit (AMD64)]
Working directory: C:\Users\Andreu\source\Python\GIS
✅ Aplicación Flask importada correctamente

=== Iniciando WSGI - N/A ===
Project dir: C:\Users\Andres\Source\Python\GIS
Python path: C:\Users\Andres\AppData\Local\Python\pythoncore-3.14-64\python.exe
Python version: 3.14.0 (tags/v3.14.0:ebf955d, Oct  7 2025, 10:15:03) [MSC v.1944 64 bit (AMD64)]
Working directory: C:\Users\Andres\Source\Python\GIS
✅ Aplicación Flask importada correctamente

=== Iniciando WSGI - N/A ===
Project dir: C:\Users\Andres\Source\Python\GIS
Python path: C:\Users\Andres\AppData\Local\Python\pythoncore-3.14-64\python.exe
Python version: 3.14.0 (tags/v3.14.0:ebf955d, Oct  7 2025, 10:15:03) [MSC v.1944 64 bit (AMD64)]
Working directory: C:\Users\Andres\Source\Python\GIS
✅ Aplicación Flask importada correctamente

=== Iniciando WSGI - N/A ===
Project dir: C:\Users\Andres\Source\Python\GIS
Python path: C:\Users\Andres\AppData\Local\Python\pythoncore-3.14-64\python.exe
Python version: 3.14.0 (tags/v3.14.0:ebf955d, Oct  7 2025, 10:15:03) [MSC v.1944 64 bit (AMD64)]
Working directory: C:\Users\Andres\Source\Python\GIS
✅ Aplicación Flask importada correctamente

=== Iniciando WSGI - N/A ===
Project dir: C:\Users\Andres\Source\Python\GIS
Python path: C:\Users\Andres\AppData\Local\Python\pythoncore-3.14-64\python.exe
Python version: 3.14.0 (tags/v3.14.0:ebf955d, Oct  7 2025, 10:15:03) [MSC v.1944 64 bit (AMD64)]
Working directory: C:\Users\Andres\Source\Python\GIS
✅ Aplicación Flask importada correctamente

=== Iniciando WSGI - N/A ===
Project dir: C:\Users\Andres\Source\Python\GIS
Python path: C:\Users\Andres\AppData\Local\Python\pythoncore-3.14-64\python.exe
Python version: 3.14.0 (tags/v3.14.0:ebf955d, Oct  7 2025, 10:15:03) [MSC v.1944 64 bit (AMD64)]
Working directory: C:\Users\Andres\Source\Python\GIS
✅ Aplicación Flask importada correctamente

=== Iniciando WSGI - N/A ===
Project dir: C:\Users\Andres\Source\Python\GIS
Python path: C:\Users\Andres\AppData\Local\Python\pythoncore-3.14-64\python.exe
Python version: 3.14.0 (tags/v3.14.0:ebf955d, Oct  7 2025, 10:15:03) [MSC v.1944 64 bit (AMD64)]
Working directory: C:\Users\Andres\Source\Python\GIS
✅ Aplicación Flask importada correctamente

=== Iniciando WSGI - N/A ===
Project dir: C:\Users\Andres\Source\Python\GIS
Python path: C:\Users\Andres\AppData\Local\Python\pythoncore-3.14-64\python.exe
Python version: 3.14.0 (tags/v3.14.0:ebf955d, Oct  7 2025, 10:15:03) [MSC v.1944 64 bit (AMD64)]
Working directory: C:\Users\Andres\Source\Python\GIS
✅ Aplicación Flask importada correctamente

=== Iniciando WSGI - N/A ===
Project dir: C:\Users\Andres\Source\Python\GIS
Python path: C:\Users\Andres\AppData\Local\Python\pythoncore-3.14-64\python.exe
Python version: 3.14.0 (tags/v3.14.0:ebf955d, Oct  7 2025, 10:15:03) [MSC v.1944 64 bit (AMD64)]
Working directory: C:\Users\Andres\Source\Python\GIS
✅ Aplicación Flask importada correctamente

=== Iniciando WSGI - N/A ===
Project dir: C:\Users\Andres\Source\Python\GIS
Python path: C:\Users\Andres\AppData\Local\Python\pythoncore-3.14-64\python.exe
Python version: 3.14.0 (tags/v3.14.0:ebf955d, Oct  7 2025, 10:15:03) [MSC v.1944 64 bit (AMD64)]
Working directory: C:\Users\Andres\Source\Python\GIS
✅ Aplicación Flask importada correctamente

=== Iniciando WSGI - N/A ===
Project dir: C:\Users\Andres\Source\Python\GIS
Python path: C:\Users\Andres\AppData\Local\Python\pythoncore-3.14-64\python.exe
Python version: 3.14.0 (tags/v3.14.0:ebf955d, Oct  7 2025, 10:15:03) [MSC v.1944 64 bit (AMD64)]
Working directory: C:\Users\Andres\Source\Python\GIS
✅ Aplicación Flask importada correctamente

=== Iniciando WSGI - N/A ===
Project dir: C:\Users\Andres\Source\Python\GIS
Python path: C:\Users\Andres\AppData\Local\Python\pythoncore-3.14-64\python.exe
Python version: 3.14.0 (tags/v3.14.0:ebf955d, Oct  7 2025, 10:15:03) [MSC v.1944 64 bit (AMD64)]
Working directory: C:\Users\Andres\Source\Python\GIS
✅ Aplicación Flask importada correctamente

=== Iniciando WSGI - N/A ===
Project dir: C:\Users\Andres\Source\Python\GIS
Python path: C:\Users\Andres\AppData\Local\Python\pythoncore-3.14-64\python.exe
Python version: 3.14.0 (tags/v3.14.0:ebf955d, Oct  7 2025, 10:15:03) [MSC v.1944 64 bit (AMD64)]
Working directory: C:\Users\Andres\Source\Python\GIS
✅ Aplicación Flask importada correctamente

=== Iniciando WSGI - N/A ===
Project dir: C:\Users\Andres\Source\Python\GIS
Python path: C:\Users\Andres\AppData\Local\Python\pythoncore-3.14-64\python.exe
Python version: 3.14.0 (tags/v3.14.0:ebf955d, Oct  7 2025, 10:15:03) [MSC v.1944 64 bit (AMD64)]
Working directory: C:\Users\Andres\Source\Python\GIS
✅ Aplicación Flask importada correctamente

=== Iniciando WSGI - N/A ===
Project dir: C:\Users\Andres\Source\Python\GIS
Python path: C:\Users\Andres\AppData\Local\Python\pythoncore-3.14-64\python.exe
Python version: 3.14.0 (tags/v3.14.0:ebf955d, Oct  7 2025, 10:15:03) [MSC v.1944 64 bit (AMD64)]
Working directory: C:\Users\Andres\Source\Python\GIS
✅ Aplicación Flask importada correctamente

=== Iniciando WSGI - N/A ===
Project dir: C:\Users\Andres\Source\Python\GIS
Python path: C:\Users\Andres\AppData\Local\Python\pythoncore-3.14-64\python.exe
Python version: 3.14.0 (tags/v3.14.0:ebf955d, Oct  7 2025, 10:15:03) [MSC v.1944 64 bit (AMD64)]
Working directory: C:\Users\Andres\Source\Python\GIS
✅ Aplicación Flask importada correctamente

=== Iniciando WSGI - N/A ===
Project dir: C:\Users\Andres\Source\Python\GIS
Python path: C:\Users\Andres\AppData\Local\Python\pythoncore-3.14-64\python.exe
Python version: 3.14.0 (tags/v3.14.0:ebf955d, Oct  7 2025, 10:15:03) [MSC v.1944 64 bit (AMD64)]
Working directory: C:\Users\Andres\Source\Python\GIS
✅ Aplicación Flask importada correctamente

=== Iniciando WSGI - N/A ===
Project dir: C:\Users\Andres\Source\Python\GIS
Python path: C:\Users\Andres\AppData\Local\Python\pythoncore-3.14-64\python.exe
Python version: 3.14.0 (tags/v3.14.0:ebf955d, Oct  7 2025, 10:15:03) [MSC v.1944 64 bit (AMD64)]
Working directory: C:\Users\Andres\Source\Python\GIS
✅ Aplicación Flask importada correctamente

=== Iniciando WSGI - N/A ===
Project dir: C:\Users\Andres\Source\Python\GIS
Python path: C:\Users\Andres\AppData\Local\Python\pythoncore-3.14-64\python.exe
Python version: 3.14.0 (tags/v3.14.0:ebf955d, Oct  7 2025, 10:15:03) [MSC v.1944 64 bit (AMD64)]
Working directory: C:\Users\Andres\Source\Python\GIS
✅ Aplicación Flask importada correctamente

=== Iniciando WSGI - N/A ===
Project dir: C:\Users\Andres\Source\Python\GIS
Python path: C:\Users\Andres\AppData\Local\Python\pythoncore-3.14-64\python.exe
Python version: 3.14.0 (tags/v3.14.0:ebf955d, Oct  7 2025, 10:15:03) [MSC v.1944 64 bit (AMD64)]
Working directory: C:\Users\Andres\Source\Python\GIS
✅ Aplicación Flask importada correctamente

=== Iniciando WSGI - N/A ===
Project dir: C:\Users\Andres\Source\Python\GIS
Python path: C:\Users\Andres\AppData\Local\Python\pythoncore-3.14-64\python.exe
Python version: 3.14.0 (tags/v3.14.0:ebf955d, Oct  7 2025, 10:15:03) [MSC v.1944 64 bit (AMD64)]
Working directory: C:\Users\Andres\Source\Python\GIS
✅ Aplicación Flask importada correctamente

=== Iniciando WSGI - N/A ===
Project dir: C:\Users\Andres\Source\Python\GIS
Python path: C:\Users\Andres\AppData\Local\Python\pythoncore-3.14-64\python.exe
Python version: 3.14.0 (tags/v3.14.0:ebf955d, Oct  7 2025, 10:15:03) [MSC v.1944 64 bit (AMD64)]
Working directory: C:\Users\Andres\Source\Python\GIS
✅ Aplicación Flask importada correctamente

=== Iniciando WSGI - N/A ===
Project dir: C:\Users\Andres\Source\Python\GIS
Python path: C:\Users\Andres\AppData\Local\Python\pythoncore-3.14-64\python.exe
Python version: 3.14.0 (tags/v3.14.0:ebf955d, Oct  7 2025, 10:15:03) [MSC v.1944 64 bit (AMD64)]
Working directory: C:\Users\Andres\Source\Python\GIS
✅ Aplicación Flask importada correctamente

=== Iniciando WSGI - N/A ===
Project dir: C:\Users\Andres\Source\Python\GIS
Python path: C:\Users\Andres\AppData\Local\Python\pythoncore-3.14-64\python.exe
Python version: 3.14.0 (tags/v3.14.0:ebf955d, Oct  7 2025, 10:15:03) [MSC v.1944 64 bit (AMD64)]
Working directory: C:\Users\Andres\Source\Python\GIS
✅ Aplicación Flask importada correctamente

=== Iniciando WSGI - N/A ===
Project dir: C:\Users\Andres\Source\Python\GIS
Python path: C:\Users\Andres\AppData\Local\Python\pythoncore-3.14-64\python.exe
Python version: 3.14.0 (tags/v3.14.0:ebf955d, Oct  7 2025, 10:15:03) [MSC v.1944 64 bit (AMD64)]
Working directory: C:\Users\Andres\Source\Python\GIS
✅ Aplicación Flask importada correctamente

=== Iniciando WSGI - N/A ===
Project dir: C:\Users\Andres\Source\Python\GIS
Python path: C:\Users\Andres\AppData\Local\Python\pythoncore-3.14-64\python.exe
Python version: 3.14.0 (tags/v3.14.0:ebf955d, Oct  7 2025, 10:15:03) [MSC v.1944 64 bit (AMD64)]
Working directory: C:\Users\Andres\Source\Python\GIS
✅ Aplicación Flask importada correctamente

=== Iniciando WSGI - N/A ===
Project dir: C:\Users\Andres\Source\Python\GIS
Python path: C:\Users\Andres\AppData\Local\Python\pythoncore-3.14-64\python.exe
Python version: 3.14.0 (tags/v3.14.0:ebf955d, Oct  7 2025, 10:15:03) [MSC v.1944 64 bit (AMD64)]
Working directory: C:\Users\Andres\Source\Python\GIS
✅ Aplicación Flask importada correctamente

=== Iniciando WSGI - N/A ===
Project dir: C:\Users\Andres\Source\Python\GIS
Python path: C:\Users\Andres\AppData\Local\Python\pythoncore-3.14-64\python.exe
Python version: 3.14.0 (tags/v3.14.0:ebf955d, Oct  7 2025, 10:15:03) [MSC v.1944 64 bit (AMD64)]
Working directory: C:\Users\Andres\Source\Python\GIS
✅ Aplicación Flask importada correctamente

=== Iniciando WSGI - N/A ===
Project dir: C:\Users\Andres\Source\Python\GIS
Python path: C:\Users\Andres\AppData\Local\Python\pythoncore-3.14-64\python.exe
Python version: 3.14.0 (tags/v3.14.0:ebf955d, Oct  7 2025, 10:15:03) [MSC v.1944 64 bit (AMD64)]
Working directory: C:\Users\Andres\Source\Python\GIS
✅ Aplicación Flask importada correctamente

=== Iniciando WSGI - N/A ===
Project dir: C:\Users\Andres\Source\Python\GIS
Python path: C:\Users\Andres\AppData\Local\Python\pythoncore-3.14-64\python.exe
Python version: 3.14.0 (tags/v3.14.0:ebf955d, Oct  7 2025, 10:15:03) [MSC v.1944 64 bit (AMD64)]
Working directory: C:\Users\Andres\Source\Python\GIS
✅ Aplicación Flask importada correctamente

=== Iniciando WSGI - N/A ===
Project dir: C:\Users\Andres\Source\Python\GIS
Python path: C:\Users\Andres\AppData\Local\Python\pythoncore-3.14-64\python.exe
Python version: 3.14.0 (tags/v3.14.0:ebf955d, Oct  7 2025, 10:15:03) [MSC v.1944 64 bit (AMD64)]
Working directory: C:\Users\Andres\Source\Python\GIS
✅ Aplicación Flask importada correctamente

=== Iniciando WSGI - N/A ===
Project dir: C:\Users\Andres\Source\Python\GIS
Python path: C:\Users\Andres\AppData\Local\Python\pythoncore-3.14-64\python.exe
Python version: 3.14.0 (tags/v3.14.0:ebf955d, Oct  7 2025, 10:15:03) [MSC v.1944 64 bit (AMD64)]
Working directory: C:\Users\Andres\Source\Python\GIS
✅ Aplicación Flask importada correctamente

=== Iniciando WSGI - N/A ===
Project dir: C:\Users\Andres\Source\Python\GIS
Python path: C:\Users\Andres\AppData\Local\Python\pythoncore-3.14-64\python.exe
Python version: 3.14.0 (tags/v3.14.0:ebf955d, Oct  7 2025, 10:15:03) [MSC v.1944 64 bit (AMD64)]
Working directory: C:\Users\Andres\Source\Python\GIS
✅ Aplicación Flask importada correctamente

=== Iniciando WSGI - N/A ===
Project dir: C:\Users\Andres\Source\Python\GIS
Python path: C:\Users\Andres\AppData\Local\Python\pythoncore-3.14-64\python.exe
Python version: 3.14.0 (tags/v3.14.0:ebf955d, Oct  7 2025, 10:15:03) [MSC v.1944 64 bit (AMD64)]
Working directory: C:\Users\Andres\Source\Python\GIS
✅ Aplicación Flask importada correctamente

=== Iniciando WSGI - N/A ===
Project dir: C:\Users\Andres\Source\Python\GIS
Python path: C:\Users\Andres\AppData\Local\Python\pythoncore-3.14-64\python.exe
Python version: 3.14.0 (tags/v3.14.0:ebf955d, Oct  7 2025, 10:15:03) [MSC v.1944 64 bit (AMD64)]
Working directory: C:\Users\Andres\Source\Python\GIS
✅ Aplicación Flask importada correctamente

=== Iniciando WSGI - N/A ===
Project dir: C:\Users\Andres\Source\Python\GIS
Python path: C:\Users\Andres\AppData\Local\Python\pythoncore-3.14-64\python.exe
Python version: 3.14.0 (tags/v3.14.0:ebf955d, Oct  7 2025, 10:15:03) [MSC v.1944 64 bit (AMD64)]
Working directory: C:\Users\Andres\Source\Python\GIS
✅ Aplicación Flask importada correctamente

=== Iniciando WSGI - N/A ===
Project dir: C:\Users\Andres\Source\Python\GIS
Python path: C:\Users\Andres\AppData\Local\Python\pythoncore-3.14-64\python.exe
Python version: 3.14.0 (tags/v3.14.0:ebf955d, Oct  7 2025, 10:15:03) [MSC v.1944 64 bit (AMD64)]
Working directory: C:\Users\Andres\Source\Python\GIS
✅ Aplicación Flask importada correctamente

=== Iniciando WSGI - N/A ===
Project dir: C:\Users\Andres\Source\Python\GIS
Python path: C:\Users\Andres\AppData\Local\Python\pythoncore-3.14-64\python.exe
Python version: 3.14.0 (tags/v3.14.0:ebf955d, Oct  7 2025, 10:15:03) [MSC v.1944 64 bit (AMD64)]
Working directory: C:\Users\Andres\Source\Python\GIS
✅ Aplicación Flask importada correctamente

=== Iniciando WSGI - N/A ===
Project dir: C:\Users\Andres\Source\Python\GIS
Python path: C:\Users\Andres\AppData\Local\Python\pythoncore-3.14-64\python.exe
Python version: 3.14.0 (tags/v3.14.0:ebf955d, Oct  7 2025, 10:15:03) [MSC v.1944 64 bit (AMD64)]
Working directory: C:\Users\Andres\Source\Python\GIS
✅ Aplicación Flask importada correctamente

=== Iniciando WSGI - N/A ===
Project dir: C:\Users\Andres\Source\Python\GIS
Python path: C:\Users\Andres\AppData\Local\Python\pythoncore-3.14-64\python.exe
Python version: 3.14.0 (tags/v3.14.0:ebf955d, Oct  7 2025, 10:15:03) [MSC v.1944 64 bit (AMD64)]
Working directory: C:\Users\Andres\Source\Python\GIS
✅ Aplicación Flask importada correctamente

=== Iniciando WSGI - N/A ===
Project dir: C:\Users\Andres\Source\Python\GIS
Python path: C:\Users\Andres\AppData\Local\Python\pythoncore-3.14-64\python.exe
Python version: 3.14.0 (tags/v3.14.0:ebf955d, Oct  7 2025, 10:15:03) [MSC v.1944 64 bit (AMD64)]
Working directory: C:\Users\Andres\Source\Python\GIS
✅ Aplicación Flask importada correctamente

=== Iniciando WSGI - N/A ===
Project dir: C:\Users\Andres\Source\Python\GIS
Python path: C:\Users\Andres\AppData\Local\Python\pythoncore-3.14-64\python.exe
Python version: 3.14.0 (tags/v3.14.0:ebf955d, Oct  7 2025, 10:15:03) [MSC v.1944 64 bit (AMD64)]
Working directory: C:\Users\Andres\Source\Python\GIS
✅ Aplicación Flask importada correctamente

=== Iniciando WSGI - N/A ===
Project dir: C:\Users\Andres\Source\Python\GIS
Python path: C:\Users\Andres\AppData\Local\Python\pythoncore-3.14-64\python.exe
Python version: 3.14.0 (tags/v3.14.0:ebf955d, Oct  7 2025, 10:15:03) [MSC v.1944 64 bit (AMD64)]
Working directory: C:\Users\Andres\Source\Python\GIS
✅ Aplicación Flask importada correctamente

=== Iniciando WSGI - N/A ===
Project dir: C:\Users\Andres\Source\Python\GIS
Python path: C:\Users\Andres\AppData\Local\Python\pythoncore-3.14-64\python.exe
Python version: 3.14.0 (tags/v3.14.0:ebf955d, Oct  7 2025, 10:15:03) [MSC v.1944 64 bit (AMD64)]
Working directory: C:\Users\Andres\Source\Python\GIS
✅ Aplicación Flask importada correctamente

=== Iniciando WSGI - N/A ===
Project dir: C:\Users\Andres\Source\Python\GIS
Python path: C:\Users\Andres\AppData\Local\Python\pythoncore-3.14-64\python.exe
Python version: 3.14.0 (tags/v3.14.0:ebf955d, Oct  7 2025, 10:15:03) [MSC v.1944 64 bit (AMD64)]
Working directory: C:\Users\Andres\Source\Python\GIS
✅ Aplicación Flask importada correctamente

=== Iniciando WSGI - N/A ===
Project dir: C:\Users\Andres\Source\Python\GIS
Python path: C:\Users\Andres\AppData\Local\Python\pythoncore-3.14-64\python.exe
Python version: 3.14.0 (tags/v3.14.0:ebf955d, Oct  7 2025, 10:15:03) [MSC v.1944 64 bit (AMD64)]
Working directory: C:\Users\Andres\Source\Python\GIS
✅ Aplicación Flask importada correctamente
